# JRE version: Java(TM) SE Runtime Environment (8.0_202-b08) (build 1.8.0_202-b08)
# Java VM: Java HotSpot(TM) 64-Bit Server VM (25.202-b08 mixed mode bsd-amd64 compressed oops)
Heap:
 PSYoungGen      total 388608K, used 37284K [0x0000000795580000, 0x00000007b3800000, 0x00000007c0000000)
  eden space 380416K, 7% used [0x0000000795580000,0x00000007972516c0,0x00000007ac900000)
  from space 8192K, 94% used [0x00000007ad900000,0x00000007ae097948,0x00000007ae100000)
  to   space 56832K, 0% used [0x00000007b0080000,0x00000007b0080000,0x00000007b3800000)
 ParOldGen       total 214528K, used 165263K [0x0000000740000000, 0x000000074d180000, 0x0000000795580000)
  object space 214528K, 77% used [0x0000000740000000,0x000000074a163d20,0x000000074d180000)
 Metaspace       used 123333K, capacity 125175K, committed 125460K, reserved 1155072K
  class space    used 18383K, capacity 18924K, committed 19004K, reserved 1048576K
GC Heap History (10 events):
Event: 3293.106 GC heap before
{Heap before GC invocations=19 (full 4):
 PSYoungGen      total 386048K, used 385731K [0x0000000795580000, 0x00000007b1680000, 0x00000007c0000000)
  eden space 352256K, 100% used [0x0000000795580000,0x00000007aad80000,0x00000007aad80000)
  from space 33792K, 99% used [0x00000007af580000,0x00000007b1630e18,0x00000007b1680000)
  to   space 46592K, 0% used [0x00000007abb80000,0x00000007abb80000,0x00000007ae900000)
 ParOldGen       total 214528K, used 108209K [0x0000000740000000, 0x000000074d180000, 0x0000000795580000)
  object space 214528K, 50% used [0x0000000740000000,0x00000007469ac540,0x000000074d180000)
 Metaspace       used 120764K, capacity 122637K, committed 122772K, reserved 1153024K
  class space    used 18252K, capacity 18784K, committed 18876K, reserved 1048576K
Event: 3294.006 GC heap after
Heap after GC invocations=19 (full 4):
 PSYoungGen      total 413184K, used 46584K [0x0000000795580000, 0x00000007b7380000, 0x00000007c0000000)
  eden space 366592K, 0% used [0x0000000795580000,0x0000000795580000,0x00000007abb80000)
  from space 46592K, 99% used [0x00000007abb80000,0x00000007ae8fe290,0x00000007ae900000)
  to   space 61440K, 0% used [0x00000007b3780000,0x00000007b3780000,0x00000007b7380000)
 ParOldGen       total 214528K, used 127538K [0x0000000740000000, 0x000000074d180000, 0x0000000795580000)
  object space 214528K, 59% used [0x0000000740000000,0x0000000747c8cbb0,0x000000074d180000)
 Metaspace       used 120764K, capacity 122637K, committed 122772K, reserved 1153024K
  class space    used 18252K, capacity 18784K, committed 18876K, reserved 1048576K
}
Event: 38411.830 GC heap before
{Heap before GC invocations=20 (full 4):
 PSYoungGen      total 413184K, used 413176K [0x0000000795580000, 0x00000007b7380000, 0x00000007c0000000)
  eden space 366592K, 100% used [0x0000000795580000,0x00000007abb80000,0x00000007abb80000)
  from space 46592K, 99% used [0x00000007abb80000,0x00000007ae8fe290,0x00000007ae900000)
  to   space 61440K, 0% used [0x00000007b3780000,0x00000007b3780000,0x00000007b7380000)
 ParOldGen       total 214528K, used 127538K [0x0000000740000000, 0x000000074d180000, 0x0000000795580000)
  object space 214528K, 59% used [0x0000000740000000,0x0000000747c8cbb0,0x000000074d180000)
 Metaspace       used 120980K, capacity 122829K, committed 123028K, reserved 1153024K
  class space    used 18252K, capacity 18784K, committed 18876K, reserved 1048576K
Event: 38412.617 GC heap after
Heap after GC invocations=20 (full 4):
 PSYoungGen      total 493568K, used 768K [0x0000000795580000, 0x00000007b7700000, 0x00000007c0000000)
  eden space 432128K, 0% used [0x0000000795580000,0x0000000795580000,0x00000007afb80000)
  from space 61440K, 1% used [0x00000007b3780000,0x00000007b3840000,0x00000007b7380000)
  to   space 61440K, 0% used [0x00000007afb80000,0x00000007afb80000,0x00000007b3780000)
 ParOldGen       total 214528K, used 165239K [0x0000000740000000, 0x000000074d180000, 0x0000000795580000)
  object space 214528K, 77% used [0x0000000740000000,0x000000074a15dd20,0x000000074d180000)
 Metaspace       used 120980K, capacity 122829K, committed 123028K, reserved 1153024K
  class space    used 18252K, capacity 18784K, committed 18876K, reserved 1048576K
}
Event: 80631.359 GC heap before
{Heap before GC invocations=21 (full 4):
 PSYoungGen      total 493568K, used 432896K [0x0000000795580000, 0x00000007b7700000, 0x00000007c0000000)
  eden space 432128K, 100% used [0x0000000795580000,0x00000007afb80000,0x00000007afb80000)
  from space 61440K, 1% used [0x00000007b3780000,0x00000007b3840000,0x00000007b7380000)
  to   space 61440K, 0% used [0x00000007afb80000,0x00000007afb80000,0x00000007b3780000)
 ParOldGen       total 214528K, used 165239K [0x0000000740000000, 0x000000074d180000, 0x0000000795580000)
  object space 214528K, 77% used [0x0000000740000000,0x000000074a15dd20,0x000000074d180000)
 Metaspace       used 121051K, capacity 122893K, committed 123028K, reserved 1153024K
  class space    used 18252K, capacity 18784K, committed 18876K, reserved 1048576K
Event: 80631.696 GC heap after
Heap after GC invocations=21 (full 4):
 PSYoungGen      total 415232K, used 768K [0x0000000795580000, 0x00000007b6000000, 0x00000007c0000000)
  eden space 414208K, 0% used [0x0000000795580000,0x0000000795580000,0x00000007aea00000)
  from space 1024K, 75% used [0x00000007afb80000,0x00000007afc40000,0x00000007afc80000)
  to   space 60416K, 0% used [0x00000007b2500000,0x00000007b2500000,0x00000007b6000000)
 ParOldGen       total 214528K, used 165247K [0x0000000740000000, 0x000000074d180000, 0x0000000795580000)
  object space 214528K, 77% used [0x0000000740000000,0x000000074a15fd20,0x000000074d180000)
 Metaspace       used 121051K, capacity 122893K, committed 123028K, reserved 1153024K
  class space    used 18252K, capacity 18784K, committed 18876K, reserved 1048576K
}
Event: 120864.059 GC heap before
{Heap before GC invocations=22 (full 4):
 PSYoungGen      total 415232K, used 414976K [0x0000000795580000, 0x00000007b6000000, 0x00000007c0000000)
  eden space 414208K, 100% used [0x0000000795580000,0x00000007aea00000,0x00000007aea00000)
  from space 1024K, 75% used [0x00000007afb80000,0x00000007afc40000,0x00000007afc80000)
  to   space 60416K, 0% used [0x00000007b2500000,0x00000007b2500000,0x00000007b6000000)
 ParOldGen       total 214528K, used 165247K [0x0000000740000000, 0x000000074d180000, 0x0000000795580000)
  object space 214528K, 77% used [0x0000000740000000,0x000000074a15fd20,0x000000074d180000)
 Metaspace       used 121109K, capacity 123021K, committed 123284K, reserved 1153024K
  class space    used 18252K, capacity 18784K, committed 18876K, reserved 1048576K
Event: 120864.191 GC heap after
Heap after GC invocations=22 (full 4):
 PSYoungGen      total 437760K, used 768K [0x0000000795580000, 0x00000007b4d00000, 0x00000007c0000000)
  eden space 396800K, 0% used [0x0000000795580000,0x0000000795580000,0x00000007ad900000)
  from space 40960K, 1% used [0x00000007b2500000,0x00000007b25c0000,0x00000007b4d00000)
  to   space 59392K, 0% used [0x00000007ad900000,0x00000007ad900000,0x00000007b1300000)
 ParOldGen       total 214528K, used 165255K [0x0000000740000000, 0x000000074d180000, 0x0000000795580000)
  object space 214528K, 77% used [0x0000000740000000,0x000000074a161d20,0x000000074d180000)
 Metaspace       used 121109K, capacity 123021K, committed 123284K, reserved 1153024K
  class space    used 18252K, capacity 18784K, committed 18876K, reserved 1048576K
}
Event: 121722.197 GC heap before
{Heap before GC invocations=23 (full 4):
 PSYoungGen      total 437760K, used 397568K [0x0000000795580000, 0x00000007b4d00000, 0x00000007c0000000)
  eden space 396800K, 100% used [0x0000000795580000,0x00000007ad900000,0x00000007ad900000)
  from space 40960K, 1% used [0x00000007b2500000,0x00000007b25c0000,0x00000007b4d00000)
  to   space 59392K, 0% used [0x00000007ad900000,0x00000007ad900000,0x00000007b1300000)
 ParOldGen       total 214528K, used 165255K [0x0000000740000000, 0x000000074d180000, 0x0000000795580000)
  object space 214528K, 77% used [0x0000000740000000,0x000000074a161d20,0x000000074d180000)
 Metaspace       used 123055K, capacity 124843K, committed 124948K, reserved 1155072K
  class space    used 18380K, capacity 18921K, committed 19004K, reserved 1048576K
Event: 121722.250 GC heap after
Heap after GC invocations=23 (full 4):
 PSYoungGen      total 388608K, used 7774K [0x0000000795580000, 0x00000007b3800000, 0x00000007c0000000)
  eden space 380416K, 0% used [0x0000000795580000,0x0000000795580000,0x00000007ac900000)
  from space 8192K, 94% used [0x00000007ad900000,0x00000007ae097948,0x00000007ae100000)
  to   space 56832K, 0% used [0x00000007b0080000,0x00000007b0080000,0x00000007b3800000)
 ParOldGen       total 214528K, used 165263K [0x0000000740000000, 0x000000074d180000, 0x0000000795580000)
  object space 214528K, 77% used [0x0000000740000000,0x000000074a163d20,0x000000074d180000)
 Metaspace       used 123055K, capacity 124843K, committed 124948K, reserved 1155072K
  class space    used 18380K, capacity 18921K, committed 19004K, reserved 1048576K
}

